time=2025-04-26T14:06:27.776+08:00 level=INFO msg=Configured api=signer "audit log"=audit.log
time=2025-04-26T14:13:56.970+08:00 level=INFO msg=Version api=signer type=request metadata="{\"remote\":\"NA\",\"local\":\"NA\",\"scheme\":\"ipc\",\"User-Agent\":\"\",\"Origin\":\"\"}"
time=2025-04-26T14:13:56.970+08:00 level=INFO msg=Version api=signer type=response data=6.1.0 error=<nil>
time=2025-04-26T14:43:23.997+08:00 level=INFO msg=List api=signer type=request metadata="{\"remote\":\"NA\",\"local\":\"NA\",\"scheme\":\"ipc\",\"User-Agent\":\"\",\"Origin\":\"\"}"
time=2025-04-26T14:43:28.755+08:00 level=INFO msg=List api=signer type=response data="[0xe3884CF5d8fc59367A9702CA08295685E825D4f5 0x54db8d1344208f57d60E0B87eA02bB6577Fbddda]"
time=2025-04-26T14:44:44.167+08:00 level=INFO msg=List api=signer type=request metadata="{\"remote\":\"NA\",\"local\":\"NA\",\"scheme\":\"ipc\",\"User-Agent\":\"\",\"Origin\":\"\"}"
time=2025-04-26T14:44:46.521+08:00 level=INFO msg=List api=signer type=response data="[0xe3884CF5d8fc59367A9702CA08295685E825D4f5 0x54db8d1344208f57d60E0B87eA02bB6577Fbddda]"
time=2025-04-26T14:44:51.641+08:00 level=INFO msg=SignTransaction api=signer type=request metadata="{\"remote\":\"NA\",\"local\":\"NA\",\"scheme\":\"ipc\",\"User-Agent\":\"\",\"Origin\":\"\"}" tx="{\"from\":\"0xe3884CF5d8fc59367A9702CA08295685E825D4f5\",\"to\":\"0x54db8d1344208f57d60E0B87eA02bB6577Fbddda\",\"gas\":\"0x5208\",\"gasPrice\":null,\"maxFeePerGas\":\"0x7744d640\",\"maxPriorityFeePerGas\":\"0xf4240\",\"value\":\"0xde0b6b3a7640000\",\"nonce\":\"0x0\",\"input\":\"0x\",\"accessList\":[],\"chainId\":\"0x7e7\"}" methodSelector=<nil>
time=2025-04-26T14:45:00.723+08:00 level=INFO msg=SignTransaction api=signer type=response data=<nil> error="could not decrypt key with given password"
time=2025-04-26T14:45:08.283+08:00 level=INFO msg=SignTransaction api=signer type=request metadata="{\"remote\":\"NA\",\"local\":\"NA\",\"scheme\":\"ipc\",\"User-Agent\":\"\",\"Origin\":\"\"}" tx="{\"from\":\"0xe3884CF5d8fc59367A9702CA08295685E825D4f5\",\"to\":\"0x54db8d1344208f57d60E0B87eA02bB6577Fbddda\",\"gas\":\"0x5208\",\"gasPrice\":null,\"maxFeePerGas\":\"0x7744d640\",\"maxPriorityFeePerGas\":\"0xf4240\",\"value\":\"0xde0b6b3a7640000\",\"nonce\":\"0x0\",\"input\":\"0x\",\"accessList\":[],\"chainId\":\"0x7e7\"}" methodSelector=<nil>
time=2025-04-26T14:45:15.358+08:00 level=INFO msg=SignTransaction api=signer type=response data=02f8738207e780830f4240847744d6408252089454db8d1344208f57d60e0b87ea02bb6577fbddda880de0b6b3a764000080c001a0e563ff2169bac952819ffa979a5a558bc5542f1eca23793d699c331b59631ca6a02938efd2cb2eeda008def559a3ac87406beab26d202838d3ad6e9a0116b5459b error=<nil>
time=2025-04-26T14:49:33.399+08:00 level=INFO msg=Version api=signer type=request metadata="{\"remote\":\"NA\",\"local\":\"NA\",\"scheme\":\"ipc\",\"User-Agent\":\"\",\"Origin\":\"\"}"
time=2025-04-26T14:49:33.399+08:00 level=INFO msg=Version api=signer type=response data=6.1.0 error=<nil>
time=2025-04-26T15:02:36.338+08:00 level=INFO msg=Version api=signer type=request metadata="{\"remote\":\"NA\",\"local\":\"NA\",\"scheme\":\"ipc\",\"User-Agent\":\"\",\"Origin\":\"\"}"
time=2025-04-26T15:02:36.338+08:00 level=INFO msg=Version api=signer type=response data=6.1.0 error=<nil>
time=2025-04-26T15:05:34.305+08:00 level=INFO msg=List api=signer type=request metadata="{\"remote\":\"NA\",\"local\":\"NA\",\"scheme\":\"ipc\",\"User-Agent\":\"\",\"Origin\":\"\"}"
time=2025-04-26T15:05:39.703+08:00 level=INFO msg=List api=signer type=response data="[0xe3884CF5d8fc59367A9702CA08295685E825D4f5 0x54db8d1344208f57d60E0B87eA02bB6577Fbddda]"
time=2025-04-26T15:05:39.703+08:00 level=INFO msg=SignTransaction api=signer type=request metadata="{\"remote\":\"NA\",\"local\":\"NA\",\"scheme\":\"ipc\",\"User-Agent\":\"\",\"Origin\":\"\"}" tx="{\"from\":\"0xe3884CF5d8fc59367A9702CA08295685E825D4f5\",\"to\":\"0x54db8d1344208f57d60E0B87eA02bB6577Fbddda\",\"gas\":\"0x5208\",\"gasPrice\":null,\"maxFeePerGas\":\"0x7744d640\",\"maxPriorityFeePerGas\":\"0xf4240\",\"value\":\"0xde0b6b3a7640000\",\"nonce\":\"0x0\",\"input\":\"0x\",\"accessList\":[],\"chainId\":\"0x7e7\"}" methodSelector=<nil>
time=2025-04-26T15:05:47.380+08:00 level=INFO msg=SignTransaction api=signer type=response data=02f8738207e780830f4240847744d6408252089454db8d1344208f57d60e0b87ea02bb6577fbddda880de0b6b3a764000080c001a0e563ff2169bac952819ffa979a5a558bc5542f1eca23793d699c331b59631ca6a02938efd2cb2eeda008def559a3ac87406beab26d202838d3ad6e9a0116b5459b error=<nil>
time=2025-04-26T15:16:26.539+08:00 level=INFO msg=Version api=signer type=request metadata="{\"remote\":\"NA\",\"local\":\"NA\",\"scheme\":\"ipc\",\"User-Agent\":\"\",\"Origin\":\"\"}"
time=2025-04-26T15:16:26.539+08:00 level=INFO msg=Version api=signer type=response data=6.1.0 error=<nil>
time=2025-04-26T15:21:27.205+08:00 level=INFO msg=List api=signer type=request metadata="{\"remote\":\"NA\",\"local\":\"NA\",\"scheme\":\"ipc\",\"User-Agent\":\"\",\"Origin\":\"\"}"
time=2025-04-26T15:21:37.476+08:00 level=INFO msg=List api=signer type=response data="[0xe3884CF5d8fc59367A9702CA08295685E825D4f5 0x54db8d1344208f57d60E0B87eA02bB6577Fbddda]"
time=2025-04-26T15:21:37.477+08:00 level=INFO msg=SignTransaction api=signer type=request metadata="{\"remote\":\"NA\",\"local\":\"NA\",\"scheme\":\"ipc\",\"User-Agent\":\"\",\"Origin\":\"\"}" tx="{\"from\":\"0xe3884CF5d8fc59367A9702CA08295685E825D4f5\",\"to\":\"0x54db8d1344208f57d60E0B87eA02bB6577Fbddda\",\"gas\":\"0x5208\",\"gasPrice\":null,\"maxFeePerGas\":\"0x7744d640\",\"maxPriorityFeePerGas\":\"0xf4240\",\"value\":\"0xde0b6b3a7640000\",\"nonce\":\"0x0\",\"input\":\"0x\",\"accessList\":[],\"chainId\":\"0x7e7\"}" methodSelector=<nil>
time=2025-04-26T15:21:42.380+08:00 level=INFO msg=SignTransaction api=signer type=response data=02f8738207e780830f4240847744d6408252089454db8d1344208f57d60e0b87ea02bb6577fbddda880de0b6b3a764000080c001a0e563ff2169bac952819ffa979a5a558bc5542f1eca23793d699c331b59631ca6a02938efd2cb2eeda008def559a3ac87406beab26d202838d3ad6e9a0116b5459b error=<nil>
time=2025-04-27T11:14:58.645+08:00 level=INFO msg=Configured api=signer "audit log"=audit.log
time=2025-04-27T11:15:30.162+08:00 level=INFO msg=Version api=signer type=request metadata="{\"remote\":\"NA\",\"local\":\"NA\",\"scheme\":\"ipc\",\"User-Agent\":\"\",\"Origin\":\"\"}"
time=2025-04-27T11:15:30.162+08:00 level=INFO msg=Version api=signer type=response data=6.1.0 error=<nil>
time=2025-04-27T11:25:07.486+08:00 level=INFO msg=Version api=signer type=request metadata="{\"remote\":\"NA\",\"local\":\"NA\",\"scheme\":\"ipc\",\"User-Agent\":\"\",\"Origin\":\"\"}"
time=2025-04-27T11:25:07.486+08:00 level=INFO msg=Version api=signer type=response data=6.1.0 error=<nil>
time=2025-04-27T11:35:36.992+08:00 level=INFO msg=Version api=signer type=request metadata="{\"remote\":\"NA\",\"local\":\"NA\",\"scheme\":\"ipc\",\"User-Agent\":\"\",\"Origin\":\"\"}"
time=2025-04-27T11:35:36.992+08:00 level=INFO msg=Version api=signer type=response data=6.1.0 error=<nil>
time=2025-04-27T12:01:30.763+08:00 level=INFO msg=Version api=signer type=request metadata="{\"remote\":\"NA\",\"local\":\"NA\",\"scheme\":\"ipc\",\"User-Agent\":\"\",\"Origin\":\"\"}"
time=2025-04-27T12:01:30.763+08:00 level=INFO msg=Version api=signer type=response data=6.1.0 error=<nil>
time=2025-04-27T12:09:53.656+08:00 level=INFO msg=Version api=signer type=request metadata="{\"remote\":\"NA\",\"local\":\"NA\",\"scheme\":\"ipc\",\"User-Agent\":\"\",\"Origin\":\"\"}"
time=2025-04-27T12:09:53.656+08:00 level=INFO msg=Version api=signer type=response data=6.1.0 error=<nil>
time=2025-04-27T12:18:11.611+08:00 level=INFO msg=Version api=signer type=request metadata="{\"remote\":\"NA\",\"local\":\"NA\",\"scheme\":\"ipc\",\"User-Agent\":\"\",\"Origin\":\"\"}"
time=2025-04-27T12:18:11.611+08:00 level=INFO msg=Version api=signer type=response data=6.1.0 error=<nil>
time=2025-04-27T12:26:59.931+08:00 level=INFO msg=Version api=signer type=request metadata="{\"remote\":\"NA\",\"local\":\"NA\",\"scheme\":\"ipc\",\"User-Agent\":\"\",\"Origin\":\"\"}"
time=2025-04-27T12:26:59.931+08:00 level=INFO msg=Version api=signer type=response data=6.1.0 error=<nil>
time=2025-04-27T12:33:05.152+08:00 level=INFO msg=List api=signer type=request metadata="{\"remote\":\"NA\",\"local\":\"NA\",\"scheme\":\"ipc\",\"User-Agent\":\"\",\"Origin\":\"\"}"
time=2025-04-27T12:33:15.423+08:00 level=INFO msg=List api=signer type=response data="[0xe3884CF5d8fc59367A9702CA08295685E825D4f5 0x54db8d1344208f57d60E0B87eA02bB6577Fbddda]"
time=2025-04-27T12:34:51.797+08:00 level=INFO msg=SignTransaction api=signer type=request metadata="{\"remote\":\"NA\",\"local\":\"NA\",\"scheme\":\"ipc\",\"User-Agent\":\"\",\"Origin\":\"\"}" tx="{\"from\":\"0xe3884CF5d8fc59367A9702CA08295685E825D4f5\",\"to\":\"0x54db8d1344208f57d60E0B87eA02bB6577Fbddda\",\"gas\":\"0x5208\",\"gasPrice\":null,\"maxFeePerGas\":\"0x7744d640\",\"maxPriorityFeePerGas\":\"0xf4240\",\"value\":\"0xde0b6b3a7640000\",\"nonce\":\"0x0\",\"input\":\"0x\",\"accessList\":[],\"chainId\":\"0x7e7\"}" methodSelector=<nil>
time=2025-04-27T12:35:01.972+08:00 level=INFO msg=SignTransaction api=signer type=response data=02f8738207e780830f4240847744d6408252089454db8d1344208f57d60e0b87ea02bb6577fbddda880de0b6b3a764000080c001a0e563ff2169bac952819ffa979a5a558bc5542f1eca23793d699c331b59631ca6a02938efd2cb2eeda008def559a3ac87406beab26d202838d3ad6e9a0116b5459b error=<nil>
time=2025-04-27T12:35:12.746+08:00 level=INFO msg=SignTransaction api=signer type=request metadata="{\"remote\":\"NA\",\"local\":\"NA\",\"scheme\":\"ipc\",\"User-Agent\":\"\",\"Origin\":\"\"}" tx="{\"from\":\"0xe3884CF5d8fc59367A9702CA08295685E825D4f5\",\"to\":\"0x54db8d1344208f57d60E0B87eA02bB6577Fbddda\",\"gas\":\"0x5208\",\"gasPrice\":null,\"maxFeePerGas\":\"0x7744d640\",\"maxPriorityFeePerGas\":\"0xf4240\",\"value\":\"0xde0b6b3a7640000\",\"nonce\":\"0x1\",\"input\":\"0x\",\"accessList\":[],\"chainId\":\"0x7e7\"}" methodSelector=<nil>
time=2025-04-27T12:35:30.511+08:00 level=INFO msg=SignTransaction api=signer type=response data=02f8738207e701830f4240847744d6408252089454db8d1344208f57d60e0b87ea02bb6577fbddda880de0b6b3a764000080c001a02a167febd70693192d9fab97c4c0c6249b776acfaa3c27bcfaa7d82d108ddd4da039b379f78beff697da22ede9e9500ebbc4152c8c0d886f3107ac5b5413f51464 error=<nil>
time=2025-04-27T12:44:54.953+08:00 level=INFO msg=Version api=signer type=request metadata="{\"remote\":\"NA\",\"local\":\"NA\",\"scheme\":\"ipc\",\"User-Agent\":\"\",\"Origin\":\"\"}"
time=2025-04-27T12:44:54.953+08:00 level=INFO msg=Version api=signer type=response data=6.1.0 error=<nil>
time=2025-04-27T12:50:32.343+08:00 level=INFO msg=Version api=signer type=request metadata="{\"remote\":\"NA\",\"local\":\"NA\",\"scheme\":\"ipc\",\"User-Agent\":\"\",\"Origin\":\"\"}"
time=2025-04-27T12:50:32.343+08:00 level=INFO msg=Version api=signer type=response data=6.1.0 error=<nil>
time=2025-04-27T12:52:48.813+08:00 level=INFO msg=Version api=signer type=request metadata="{\"remote\":\"NA\",\"local\":\"NA\",\"scheme\":\"ipc\",\"User-Agent\":\"\",\"Origin\":\"\"}"
time=2025-04-27T12:52:48.813+08:00 level=INFO msg=Version api=signer type=response data=6.1.0 error=<nil>
time=2025-04-27T12:55:43.357+08:00 level=INFO msg=Version api=signer type=request metadata="{\"remote\":\"NA\",\"local\":\"NA\",\"scheme\":\"ipc\",\"User-Agent\":\"\",\"Origin\":\"\"}"
time=2025-04-27T12:55:43.357+08:00 level=INFO msg=Version api=signer type=response data=6.1.0 error=<nil>
time=2025-04-27T12:55:49.651+08:00 level=INFO msg=Version api=signer type=request metadata="{\"remote\":\"NA\",\"local\":\"NA\",\"scheme\":\"ipc\",\"User-Agent\":\"\",\"Origin\":\"\"}"
time=2025-04-27T12:55:49.651+08:00 level=INFO msg=Version api=signer type=response data=6.1.0 error=<nil>
time=2025-04-27T12:56:44.676+08:00 level=INFO msg=List api=signer type=request metadata="{\"remote\":\"NA\",\"local\":\"NA\",\"scheme\":\"ipc\",\"User-Agent\":\"\",\"Origin\":\"\"}"
time=2025-04-27T12:56:57.780+08:00 level=INFO msg=List api=signer type=response data="[0xe3884CF5d8fc59367A9702CA08295685E825D4f5 0x54db8d1344208f57d60E0B87eA02bB6577Fbddda]"
time=2025-04-27T12:56:57.781+08:00 level=INFO msg=SignTransaction api=signer type=request metadata="{\"remote\":\"NA\",\"local\":\"NA\",\"scheme\":\"ipc\",\"User-Agent\":\"\",\"Origin\":\"\"}" tx="{\"from\":\"0xe3884CF5d8fc59367A9702CA08295685E825D4f5\",\"to\":\"0x54db8d1344208f57d60E0B87eA02bB6577Fbddda\",\"gas\":\"0x5208\",\"gasPrice\":null,\"maxFeePerGas\":\"0x7744d640\",\"maxPriorityFeePerGas\":\"0xf4240\",\"value\":\"0xde0b6b3a7640000\",\"nonce\":\"0x0\",\"input\":\"0x\",\"accessList\":[],\"chainId\":\"0x7e7\"}" methodSelector=<nil>
time=2025-04-27T12:57:02.904+08:00 level=INFO msg=SignTransaction api=signer type=response data=02f8738207e780830f4240847744d6408252089454db8d1344208f57d60e0b87ea02bb6577fbddda880de0b6b3a764000080c001a0e563ff2169bac952819ffa979a5a558bc5542f1eca23793d699c331b59631ca6a02938efd2cb2eeda008def559a3ac87406beab26d202838d3ad6e9a0116b5459b error=<nil>
time=2025-04-27T13:39:51.856+08:00 level=INFO msg=Version api=signer type=request metadata="{\"remote\":\"NA\",\"local\":\"NA\",\"scheme\":\"ipc\",\"User-Agent\":\"\",\"Origin\":\"\"}"
time=2025-04-27T13:39:51.856+08:00 level=INFO msg=Version api=signer type=response data=6.1.0 error=<nil>
time=2025-04-27T13:43:33.365+08:00 level=INFO msg=Version api=signer type=request metadata="{\"remote\":\"NA\",\"local\":\"NA\",\"scheme\":\"ipc\",\"User-Agent\":\"\",\"Origin\":\"\"}"
time=2025-04-27T13:43:33.365+08:00 level=INFO msg=Version api=signer type=response data=6.1.0 error=<nil>
time=2025-04-27T14:19:41.829+08:00 level=INFO msg=Version api=signer type=request metadata="{\"remote\":\"NA\",\"local\":\"NA\",\"scheme\":\"ipc\",\"User-Agent\":\"\",\"Origin\":\"\"}"
time=2025-04-27T14:19:41.829+08:00 level=INFO msg=Version api=signer type=response data=6.1.0 error=<nil>
time=2025-04-27T14:23:01.704+08:00 level=INFO msg=Version api=signer type=request metadata="{\"remote\":\"NA\",\"local\":\"NA\",\"scheme\":\"ipc\",\"User-Agent\":\"\",\"Origin\":\"\"}"
time=2025-04-27T14:23:01.704+08:00 level=INFO msg=Version api=signer type=response data=6.1.0 error=<nil>
time=2025-04-27T14:27:13.546+08:00 level=INFO msg=Version api=signer type=request metadata="{\"remote\":\"NA\",\"local\":\"NA\",\"scheme\":\"ipc\",\"User-Agent\":\"\",\"Origin\":\"\"}"
time=2025-04-27T14:27:13.547+08:00 level=INFO msg=Version api=signer type=response data=6.1.0 error=<nil>
time=2025-04-27T14:52:15.283+08:00 level=INFO msg=List api=signer type=request metadata="{\"remote\":\"NA\",\"local\":\"NA\",\"scheme\":\"ipc\",\"User-Agent\":\"\",\"Origin\":\"\"}"
time=2025-04-27T14:52:23.974+08:00 level=INFO msg=List api=signer type=response data="[0xe3884CF5d8fc59367A9702CA08295685E825D4f5 0x54db8d1344208f57d60E0B87eA02bB6577Fbddda]"
time=2025-04-27T14:52:23.974+08:00 level=INFO msg=SignTransaction api=signer type=request metadata="{\"remote\":\"NA\",\"local\":\"NA\",\"scheme\":\"ipc\",\"User-Agent\":\"\",\"Origin\":\"\"}" tx="{\"from\":\"0xe3884CF5d8fc59367A9702CA08295685E825D4f5\",\"to\":\"0x54db8d1344208f57d60E0B87eA02bB6577Fbddda\",\"gas\":\"0x5208\",\"gasPrice\":null,\"maxFeePerGas\":\"0x7744d640\",\"maxPriorityFeePerGas\":\"0xf4240\",\"value\":\"0xde0b6b3a7640000\",\"nonce\":\"0x0\",\"input\":\"0x\",\"accessList\":[],\"chainId\":\"0x7e7\"}" methodSelector=<nil>
time=2025-04-27T14:52:29.113+08:00 level=INFO msg=SignTransaction api=signer type=response data=02f8738207e780830f4240847744d6408252089454db8d1344208f57d60e0b87ea02bb6577fbddda880de0b6b3a764000080c001a0e563ff2169bac952819ffa979a5a558bc5542f1eca23793d699c331b59631ca6a02938efd2cb2eeda008def559a3ac87406beab26d202838d3ad6e9a0116b5459b error=<nil>
time=2025-04-27T15:28:03.716+08:00 level=INFO msg=Version api=signer type=request metadata="{\"remote\":\"NA\",\"local\":\"NA\",\"scheme\":\"ipc\",\"User-Agent\":\"\",\"Origin\":\"\"}"
time=2025-04-27T15:28:03.716+08:00 level=INFO msg=Version api=signer type=response data=6.1.0 error=<nil>
time=2025-04-27T15:42:38.511+08:00 level=INFO msg=Version api=signer type=request metadata="{\"remote\":\"NA\",\"local\":\"NA\",\"scheme\":\"ipc\",\"User-Agent\":\"\",\"Origin\":\"\"}"
time=2025-04-27T15:42:38.511+08:00 level=INFO msg=Version api=signer type=response data=6.1.0 error=<nil>
time=2025-04-27T15:48:27.824+08:00 level=INFO msg=List api=signer type=request metadata="{\"remote\":\"NA\",\"local\":\"NA\",\"scheme\":\"ipc\",\"User-Agent\":\"\",\"Origin\":\"\"}"
time=2025-04-27T15:48:35.653+08:00 level=INFO msg=List api=signer type=response data="[0xe3884CF5d8fc59367A9702CA08295685E825D4f5 0x54db8d1344208f57d60E0B87eA02bB6577Fbddda]"
time=2025-04-27T15:57:09.803+08:00 level=INFO msg=Version api=signer type=request metadata="{\"remote\":\"NA\",\"local\":\"NA\",\"scheme\":\"ipc\",\"User-Agent\":\"\",\"Origin\":\"\"}"
time=2025-04-27T15:57:09.803+08:00 level=INFO msg=Version api=signer type=response data=6.1.0 error=<nil>
time=2025-04-27T15:59:17.009+08:00 level=INFO msg=Version api=signer type=request metadata="{\"remote\":\"NA\",\"local\":\"NA\",\"scheme\":\"ipc\",\"User-Agent\":\"\",\"Origin\":\"\"}"
time=2025-04-27T15:59:17.009+08:00 level=INFO msg=Version api=signer type=response data=6.1.0 error=<nil>
time=2025-04-27T16:05:57.780+08:00 level=INFO msg=Version api=signer type=request metadata="{\"remote\":\"NA\",\"local\":\"NA\",\"scheme\":\"ipc\",\"User-Agent\":\"\",\"Origin\":\"\"}"
time=2025-04-27T16:05:57.780+08:00 level=INFO msg=Version api=signer type=response data=6.1.0 error=<nil>
time=2025-04-27T16:07:55.474+08:00 level=INFO msg=Version api=signer type=request metadata="{\"remote\":\"NA\",\"local\":\"NA\",\"scheme\":\"ipc\",\"User-Agent\":\"\",\"Origin\":\"\"}"
time=2025-04-27T16:07:55.474+08:00 level=INFO msg=Version api=signer type=response data=6.1.0 error=<nil>
time=2025-04-27T16:19:06.206+08:00 level=INFO msg=Version api=signer type=request metadata="{\"remote\":\"NA\",\"local\":\"NA\",\"scheme\":\"ipc\",\"User-Agent\":\"\",\"Origin\":\"\"}"
time=2025-04-27T16:19:06.206+08:00 level=INFO msg=Version api=signer type=response data=6.1.0 error=<nil>
time=2025-04-27T16:24:52.055+08:00 level=INFO msg=Version api=signer type=request metadata="{\"remote\":\"NA\",\"local\":\"NA\",\"scheme\":\"ipc\",\"User-Agent\":\"\",\"Origin\":\"\"}"
time=2025-04-27T16:24:52.055+08:00 level=INFO msg=Version api=signer type=response data=6.1.0 error=<nil>
time=2025-04-27T16:43:36.961+08:00 level=INFO msg=Version api=signer type=request metadata="{\"remote\":\"NA\",\"local\":\"NA\",\"scheme\":\"ipc\",\"User-Agent\":\"\",\"Origin\":\"\"}"
time=2025-04-27T16:43:36.961+08:00 level=INFO msg=Version api=signer type=response data=6.1.0 error=<nil>
time=2025-04-27T16:53:17.278+08:00 level=INFO msg=Version api=signer type=request metadata="{\"remote\":\"NA\",\"local\":\"NA\",\"scheme\":\"ipc\",\"User-Agent\":\"\",\"Origin\":\"\"}"
time=2025-04-27T16:53:17.278+08:00 level=INFO msg=Version api=signer type=response data=6.1.0 error=<nil>
time=2025-04-27T16:57:15.336+08:00 level=INFO msg=Version api=signer type=request metadata="{\"remote\":\"NA\",\"local\":\"NA\",\"scheme\":\"ipc\",\"User-Agent\":\"\",\"Origin\":\"\"}"
time=2025-04-27T16:57:15.336+08:00 level=INFO msg=Version api=signer type=response data=6.1.0 error=<nil>
time=2025-04-27T17:11:40.885+08:00 level=INFO msg=List api=signer type=request metadata="{\"remote\":\"NA\",\"local\":\"NA\",\"scheme\":\"ipc\",\"User-Agent\":\"\",\"Origin\":\"\"}"
time=2025-04-27T17:11:49.675+08:00 level=INFO msg=List api=signer type=response data="[0xe3884CF5d8fc59367A9702CA08295685E825D4f5 0x54db8d1344208f57d60E0B87eA02bB6577Fbddda]"
time=2025-04-27T17:11:49.676+08:00 level=INFO msg=SignTransaction api=signer type=request metadata="{\"remote\":\"NA\",\"local\":\"NA\",\"scheme\":\"ipc\",\"User-Agent\":\"\",\"Origin\":\"\"}" tx="{\"from\":\"0xe3884CF5d8fc59367A9702CA08295685E825D4f5\",\"to\":\"0x54db8d1344208f57d60E0B87eA02bB6577Fbddda\",\"gas\":\"0x5208\",\"gasPrice\":null,\"maxFeePerGas\":\"0x7744d640\",\"maxPriorityFeePerGas\":\"0xf4240\",\"value\":\"0xde0b6b3a7640000\",\"nonce\":\"0x0\",\"input\":\"0x\",\"accessList\":[],\"chainId\":\"0x7e7\"}" methodSelector=<nil>
time=2025-04-27T17:11:54.162+08:00 level=INFO msg=SignTransaction api=signer type=response data=02f8738207e780830f4240847744d6408252089454db8d1344208f57d60e0b87ea02bb6577fbddda880de0b6b3a764000080c001a0e563ff2169bac952819ffa979a5a558bc5542f1eca23793d699c331b59631ca6a02938efd2cb2eeda008def559a3ac87406beab26d202838d3ad6e9a0116b5459b error=<nil>
time=2025-04-27T17:24:38.589+08:00 level=INFO msg=Version api=signer type=request metadata="{\"remote\":\"NA\",\"local\":\"NA\",\"scheme\":\"ipc\",\"User-Agent\":\"\",\"Origin\":\"\"}"
time=2025-04-27T17:24:38.589+08:00 level=INFO msg=Version api=signer type=response data=6.1.0 error=<nil>
time=2025-04-27T17:26:05.785+08:00 level=INFO msg=List api=signer type=request metadata="{\"remote\":\"NA\",\"local\":\"NA\",\"scheme\":\"ipc\",\"User-Agent\":\"\",\"Origin\":\"\"}"
time=2025-04-27T17:26:10.839+08:00 level=INFO msg=List api=signer type=response data="[0xe3884CF5d8fc59367A9702CA08295685E825D4f5 0x54db8d1344208f57d60E0B87eA02bB6577Fbddda]"
time=2025-04-27T17:26:10.840+08:00 level=INFO msg=SignTransaction api=signer type=request metadata="{\"remote\":\"NA\",\"local\":\"NA\",\"scheme\":\"ipc\",\"User-Agent\":\"\",\"Origin\":\"\"}" tx="{\"from\":\"0xe3884CF5d8fc59367A9702CA08295685E825D4f5\",\"to\":\"0x54db8d1344208f57d60E0B87eA02bB6577Fbddda\",\"gas\":\"0x5208\",\"gasPrice\":null,\"maxFeePerGas\":\"0x7744d640\",\"maxPriorityFeePerGas\":\"0xf4240\",\"value\":\"0xde0b6b3a7640000\",\"nonce\":\"0x0\",\"input\":\"0x\",\"accessList\":[],\"chainId\":\"0x7e7\"}" methodSelector=<nil>
time=2025-04-27T17:26:15.115+08:00 level=INFO msg=SignTransaction api=signer type=response data=02f8738207e780830f4240847744d6408252089454db8d1344208f57d60e0b87ea02bb6577fbddda880de0b6b3a764000080c001a0e563ff2169bac952819ffa979a5a558bc5542f1eca23793d699c331b59631ca6a02938efd2cb2eeda008def559a3ac87406beab26d202838d3ad6e9a0116b5459b error=<nil>
