Apr 28 15:04:54.096 INFO Logging to file, path: "./consensus/data/lighthouse-first/beacon/logs/beacon.log", module: environment:311
Apr 28 15:04:54.097 INFO Lighthouse started, version: Lighthouse/v7.0.0-54f7bc5, module: lighthouse:721
Apr 28 15:04:54.097 INFO Configured for network, name: custom (./consensus/genesis), module: lighthouse:722
Apr 28 15:04:54.104 INFO Data directory initialised, datadir: ./consensus/data/lighthouse-first, module: beacon_node::config:108
Apr 28 15:04:54.107 INFO Deposit contract, address: 0x4242424242424242424242424242424242424242, deploy_block: 0, module: beacon_node::config:527
Apr 28 15:04:54.138 INFO Blob DB initialized, oldest_data_column_slot: None, oldest_blob_slot: Some(Slot(0)), path: "./consensus/data/lighthouse-first/beacon/blobs_db", service: freezer_db, module: store::hot_cold_store:360
Apr 28 15:04:54.138 DEBG Loaded execution endpoint, jwt_path: "./execution/jwtsecret/first", endpoint: http://127.0.0.1:8551/, service: exec, module: execution_layer:521
Apr 28 15:04:56.123 INFO Starting from known genesis state, service: beacon, module: client::builder:298
Apr 28 15:04:56.133 DEBG Cached state, slot: 0, state_root: 0xdb1a9f3fb4e731935ed1012c945577e2f56d323def9e9e13872f11193fa627f8, deleted_states: [], location: store_hot_state, service: freezer_db, module: store::hot_cold_store:1492
Apr 28 15:04:56.139 INFO Block production enabled, method: json rpc via http, endpoint: Auth { endpoint: "http://127.0.0.1:8551/", jwt_path: "./execution/jwtsecret/first", jwt_id: None, jwt_version: None }, module: beacon_node:151
Apr 28 15:04:56.145 WARN Execution endpoint is not synced, last_seen_block_unix_timestamp: 1745852500, endpoint: http://127.0.0.1:8551/, auth=true, service: deposit_contract_rpc, module: eth1::service:136
Apr 28 15:04:56.145 ERRO Error updating deposit contract cache, error: Failed to get remote head and new block ranges: EndpointError(FarBehind), retry_millis: 60000, service: deposit_contract_rpc, module: eth1::service:729
Apr 28 15:04:56.150 CRIT Failed to start beacon node, reason: Failed to build beacon chain: Head block not found in store, module: lighthouse:762
Apr 28 15:04:56.150 INFO Internal shutdown received, reason: Failed to start beacon node, module: environment:470
Apr 28 15:04:56.150 INFO Shutting down.., reason: Failure("Failed to start beacon node"), module: lighthouse:784
Apr 28 15:10:08.158 INFO Logging to file, path: "./consensus/data/lighthouse-first/beacon/logs/beacon.log", module: environment:311
Apr 28 15:10:08.159 INFO Lighthouse started, version: Lighthouse/v7.0.0-54f7bc5, module: lighthouse:721
Apr 28 15:10:08.159 INFO Configured for network, name: custom (./consensus/genesis), module: lighthouse:722
Apr 28 15:10:08.166 INFO Data directory initialised, datadir: ./consensus/data/lighthouse-first, module: beacon_node::config:108
Apr 28 15:10:08.170 INFO Deposit contract, address: 0x4242424242424242424242424242424242424242, deploy_block: 0, module: beacon_node::config:527
Apr 28 15:10:08.217 INFO Blob DB initialized, oldest_data_column_slot: None, oldest_blob_slot: Some(Slot(0)), path: "./consensus/data/lighthouse-first/beacon/blobs_db", service: freezer_db, module: store::hot_cold_store:360
Apr 28 15:10:08.217 DEBG Attempting schema migration, to_version: 22, from_version: 22, service: freezer_db, module: store::hot_cold_store:372
Apr 28 15:10:08.217 DEBG Loaded execution endpoint, jwt_path: "./execution/jwtsecret/first", endpoint: http://127.0.0.1:8551/, service: exec, module: execution_layer:521
Apr 28 15:10:10.201 INFO Starting from known genesis state, service: beacon, module: client::builder:298
Apr 28 15:10:10.210 DEBG Cached state, slot: 0, state_root: 0xdb1a9f3fb4e731935ed1012c945577e2f56d323def9e9e13872f11193fa627f8, deleted_states: [], location: store_hot_state, service: freezer_db, module: store::hot_cold_store:1492
Apr 28 15:10:10.216 INFO Block production enabled, method: json rpc via http, endpoint: Auth { endpoint: "http://127.0.0.1:8551/", jwt_path: "./execution/jwtsecret/first", jwt_id: None, jwt_version: None }, module: beacon_node:151
Apr 28 15:10:10.221 WARN Execution endpoint is not synced, last_seen_block_unix_timestamp: 1745852500, endpoint: http://127.0.0.1:8551/, auth=true, service: deposit_contract_rpc, module: eth1::service:136
Apr 28 15:10:10.221 ERRO Error updating deposit contract cache, error: Failed to get remote head and new block ranges: EndpointError(FarBehind), retry_millis: 60000, service: deposit_contract_rpc, module: eth1::service:729
Apr 28 15:10:10.227 CRIT Failed to start beacon node, reason: Failed to build beacon chain: Head block not found in store, module: lighthouse:762
Apr 28 15:10:10.227 INFO Internal shutdown received, reason: Failed to start beacon node, module: environment:470
Apr 28 15:10:10.227 INFO Shutting down.., reason: Failure("Failed to start beacon node"), module: lighthouse:784
